  GameRenderer.cpp
C:\Users\Burcevi\Desktop\Курсач\Git\CompetetiveCrossplatformCheckers---CCC\client_pc\GameRenderer.cpp(516,83): warning C4244: аргумент: преобразование "T" в "T", возможна потеря данных
C:\Users\Burcevi\Desktop\Курсач\Git\CompetetiveCrossplatformCheckers---CCC\client_pc\GameRenderer.cpp(516,83): warning C4244:         with
C:\Users\Burcevi\Desktop\Курсач\Git\CompetetiveCrossplatformCheckers---CCC\client_pc\GameRenderer.cpp(516,83): warning C4244:         [
C:\Users\Burcevi\Desktop\Курсач\Git\CompetetiveCrossplatformCheckers---CCC\client_pc\GameRenderer.cpp(516,83): warning C4244:             T=unsigned int
C:\Users\Burcevi\Desktop\Курсач\Git\CompetetiveCrossplatformCheckers---CCC\client_pc\GameRenderer.cpp(516,83): warning C4244:         ]
C:\Users\Burcevi\Desktop\Курсач\Git\CompetetiveCrossplatformCheckers---CCC\client_pc\GameRenderer.cpp(516,83): warning C4244:         and
C:\Users\Burcevi\Desktop\Курсач\Git\CompetetiveCrossplatformCheckers---CCC\client_pc\GameRenderer.cpp(516,83): warning C4244:         [
C:\Users\Burcevi\Desktop\Курсач\Git\CompetetiveCrossplatformCheckers---CCC\client_pc\GameRenderer.cpp(516,83): warning C4244:             T=float
C:\Users\Burcevi\Desktop\Курсач\Git\CompetetiveCrossplatformCheckers---CCC\client_pc\GameRenderer.cpp(516,83): warning C4244:         ]
C:\Users\Burcevi\Desktop\Курсач\Git\CompetetiveCrossplatformCheckers---CCC\client_pc\GameRenderer.cpp(516,62): warning C4244: аргумент: преобразование "T" в "T", возможна потеря данных
C:\Users\Burcevi\Desktop\Курсач\Git\CompetetiveCrossplatformCheckers---CCC\client_pc\GameRenderer.cpp(516,62): warning C4244:         with
C:\Users\Burcevi\Desktop\Курсач\Git\CompetetiveCrossplatformCheckers---CCC\client_pc\GameRenderer.cpp(516,62): warning C4244:         [
C:\Users\Burcevi\Desktop\Курсач\Git\CompetetiveCrossplatformCheckers---CCC\client_pc\GameRenderer.cpp(516,62): warning C4244:             T=unsigned int
C:\Users\Burcevi\Desktop\Курсач\Git\CompetetiveCrossplatformCheckers---CCC\client_pc\GameRenderer.cpp(516,62): warning C4244:         ]
C:\Users\Burcevi\Desktop\Курсач\Git\CompetetiveCrossplatformCheckers---CCC\client_pc\GameRenderer.cpp(516,62): warning C4244:         and
C:\Users\Burcevi\Desktop\Курсач\Git\CompetetiveCrossplatformCheckers---CCC\client_pc\GameRenderer.cpp(516,62): warning C4244:         [
C:\Users\Burcevi\Desktop\Курсач\Git\CompetetiveCrossplatformCheckers---CCC\client_pc\GameRenderer.cpp(516,62): warning C4244:             T=float
C:\Users\Burcevi\Desktop\Курсач\Git\CompetetiveCrossplatformCheckers---CCC\client_pc\GameRenderer.cpp(516,62): warning C4244:         ]
C:\Users\Burcevi\Desktop\Курсач\Git\CompetetiveCrossplatformCheckers---CCC\client_pc\GameRenderer.cpp(571,60): warning C4244: аргумент: преобразование "int" в "T", возможна потеря данных
C:\Users\Burcevi\Desktop\Курсач\Git\CompetetiveCrossplatformCheckers---CCC\client_pc\GameRenderer.cpp(571,60): warning C4244:         with
C:\Users\Burcevi\Desktop\Курсач\Git\CompetetiveCrossplatformCheckers---CCC\client_pc\GameRenderer.cpp(571,60): warning C4244:         [
C:\Users\Burcevi\Desktop\Курсач\Git\CompetetiveCrossplatformCheckers---CCC\client_pc\GameRenderer.cpp(571,60): warning C4244:             T=float
C:\Users\Burcevi\Desktop\Курсач\Git\CompetetiveCrossplatformCheckers---CCC\client_pc\GameRenderer.cpp(571,60): warning C4244:         ]
C:\Users\Burcevi\Desktop\Курсач\Git\CompetetiveCrossplatformCheckers---CCC\client_pc\GameRenderer.cpp(571,33): warning C4244: аргумент: преобразование "int" в "T", возможна потеря данных
C:\Users\Burcevi\Desktop\Курсач\Git\CompetetiveCrossplatformCheckers---CCC\client_pc\GameRenderer.cpp(571,33): warning C4244:         with
C:\Users\Burcevi\Desktop\Курсач\Git\CompetetiveCrossplatformCheckers---CCC\client_pc\GameRenderer.cpp(571,33): warning C4244:         [
C:\Users\Burcevi\Desktop\Курсач\Git\CompetetiveCrossplatformCheckers---CCC\client_pc\GameRenderer.cpp(571,33): warning C4244:             T=float
C:\Users\Burcevi\Desktop\Курсач\Git\CompetetiveCrossplatformCheckers---CCC\client_pc\GameRenderer.cpp(571,33): warning C4244:         ]
  main.cpp
  Создание кода
  24 of 1893 functions ( 1.3%) were compiled, the rest were copied from previous compilation.
    5 functions were new in current compilation
    34 functions had inline decision re-evaluated but remain unchanged
  Создание кода завершено
LINK : warning LNK4199: параметр /DELAYLOAD:sfml-graphics-d.lib игнорируется; не найдены операции импорта из sfml-graphics-d.lib
LINK : warning LNK4199: параметр /DELAYLOAD:sfml-window-d.lib игнорируется; не найдены операции импорта из sfml-window-d.lib
LINK : warning LNK4199: параметр /DELAYLOAD:sfml-system-d.lib игнорируется; не найдены операции импорта из sfml-system-d.lib
LINK : warning LNK4199: параметр /DELAYLOAD:sfml-network-d.lib игнорируется; не найдены операции импорта из sfml-network-d.lib
  Client.vcxproj -> C:\Users\Burcevi\Desktop\Курсач\Git\CompetetiveCrossplatformCheckers---CCC\x64\Release\Client.exe
